<?xml version="1.0" encoding="UTF-8"?>
<!DOCTYPE mapper PUBLIC "-//mybatis.org//DTD Mapper 3.0//EN" "http://mybatis.org/dtd/mybatis-3-mapper.dtd">

<mapper namespace="testResultDAO">
	<!-- 질문ㆍ답변 조회 -->
	<select id="selectResult" resultType="Map" parameterType="String">
	    SELECT *
		FROM TB_RESULT
		WHERE TEST_SN = #{testSn}
		AND MBTI = #{mbti}
	</select>
</mapper>
